[PREINITIALIZATION][SERVER][INFO] Thank you to the Patreon supporters below and others who make CraftTweaker possible!
otakup0pe
realTIMematrix
IDroid
NickT
Jonathan McManus
Peregrinus11
Robijnvogel
Pongo Sapiens
DreamThorn
AdaraChristine
quaternary
If you want to support the mod, checkout https://patreon.com/jaredlll08?s=crtmod

[PREINITIALIZATION][SERVER][INFO] Current loaders after merging: [[preinit]]
[PREINITIALIZATION][SERVER][INFO] Loading scripts for loader with names [preinit]
[PREINITIALIZATION][SERVER][INFO] [preinit | SIDE_SERVER]: Skipping file {[0:crafttweaker]: bonsai.zs} as we are currently loading with a different loader
[PREINITIALIZATION][SERVER][INFO] [preinit | SIDE_SERVER]: Skipping file {[0:contenttweaker]: content.zs} as we are currently loading with a different loader
[PREINITIALIZATION][SERVER][INFO] [preinit | SIDE_SERVER]: Skipping file {[0:crafttweaker]: immersive.zs} as we are currently loading with a different loader
[PREINITIALIZATION][SERVER][INFO] [preinit | SIDE_SERVER]: Skipping file {[0:crafttweaker]: integrated.zs} as we are currently loading with a different loader
[PREINITIALIZATION][SERVER][INFO] [preinit | SIDE_SERVER]: Skipping file {[0:crafttweaker]: inworld.zs} as we are currently loading with a different loader
[PREINITIALIZATION][SERVER][INFO] [preinit | SIDE_SERVER]: Skipping file {[0:crafttweaker]: nuclear.zs} as we are currently loading with a different loader
[PREINITIALIZATION][SERVER][INFO] [preinit | SIDE_SERVER]: Skipping file {[0:crafttweaker]: otherrecipes.zs} as we are currently loading with a different loader
[PREINITIALIZATION][SERVER][INFO] [preinit | SIDE_SERVER]: Skipping file {[0:crafttweaker]: recipes.zs} as we are currently loading with a different loader
[PREINITIALIZATION][SERVER][INFO] [preinit | SIDE_SERVER]: Skipping file {[0:crafttweaker]: stages.zs} as we are currently loading with a different loader
[PREINITIALIZATION][SERVER][INFO] [preinit | SIDE_SERVER]: Skipping file {[0:crafttweaker]: thermal.zs} as we are currently loading with a different loader
[PREINITIALIZATION][SERVER][INFO] Completed script loading in: 26ms
[PREINITIALIZATION][SERVER][INFO] Current loaders after merging: [[preinit], [contenttweaker]]
[PREINITIALIZATION][SERVER][INFO] Loading scripts for loader with names [contenttweaker]
[PREINITIALIZATION][SERVER][INFO] [contenttweaker | SIDE_SERVER]: Skipping file {[0:crafttweaker]: bonsai.zs} as we are currently loading with a different loader
[PREINITIALIZATION][SERVER][INFO] [contenttweaker | SIDE_SERVER]: Loading Script: {[0:contenttweaker]: content.zs}
[PREINITIALIZATION][SERVER][INFO] [contenttweaker | SIDE_SERVER]: Skipping file {[0:crafttweaker]: immersive.zs} as we are currently loading with a different loader
[PREINITIALIZATION][SERVER][INFO] [contenttweaker | SIDE_SERVER]: Skipping file {[0:crafttweaker]: integrated.zs} as we are currently loading with a different loader
[PREINITIALIZATION][SERVER][INFO] [contenttweaker | SIDE_SERVER]: Skipping file {[0:crafttweaker]: inworld.zs} as we are currently loading with a different loader
[PREINITIALIZATION][SERVER][INFO] [contenttweaker | SIDE_SERVER]: Skipping file {[0:crafttweaker]: nuclear.zs} as we are currently loading with a different loader
[PREINITIALIZATION][SERVER][INFO] [contenttweaker | SIDE_SERVER]: Skipping file {[0:crafttweaker]: otherrecipes.zs} as we are currently loading with a different loader
[PREINITIALIZATION][SERVER][INFO] [contenttweaker | SIDE_SERVER]: Skipping file {[0:crafttweaker]: recipes.zs} as we are currently loading with a different loader
[PREINITIALIZATION][SERVER][INFO] [contenttweaker | SIDE_SERVER]: Skipping file {[0:crafttweaker]: stages.zs} as we are currently loading with a different loader
[PREINITIALIZATION][SERVER][INFO] [contenttweaker | SIDE_SERVER]: Skipping file {[0:crafttweaker]: thermal.zs} as we are currently loading with a different loader
[PREINITIALIZATION][SERVER][INFO] Completed script loading in: 1352ms
[INITIALIZATION][SERVER][INFO] CraftTweaker: Building registry
[INITIALIZATION][SERVER][INFO] CraftTweaker: Successfully built item registry
[INITIALIZATION][SERVER][INFO] Current loaders after merging: [[preinit], [contenttweaker], [recipeevent | crafttweaker]]
[INITIALIZATION][SERVER][INFO] Loading scripts for loader with names [crafttweaker | recipeevent]
[INITIALIZATION][SERVER][INFO] [crafttweaker | SIDE_SERVER]: Loading Script: {[0:crafttweaker]: bonsai.zs}
[INITIALIZATION][SERVER][INFO] [crafttweaker | SIDE_SERVER]: Skipping file {[0:contenttweaker]: content.zs} as we are currently loading with a different loader
[INITIALIZATION][SERVER][INFO] [crafttweaker | SIDE_SERVER]: Loading Script: {[0:crafttweaker]: immersive.zs}
[INITIALIZATION][SERVER][INFO] Adding Metal Press Recipe for item.contenttweaker.tinysmashedmachine.name
[INITIALIZATION][SERVER][INFO] Adding Metal Press Recipe for Redstone Tunnel
[INITIALIZATION][SERVER][INFO] Adding Metal Press Recipe for Tunnel
[INITIALIZATION][SERVER][INFO] Adding Crusher Recipe for item.contenttweaker.smallsmashedmachine.name
[INITIALIZATION][SERVER][INFO] Adding Crusher Recipe for Crushed Granite
[INITIALIZATION][SERVER][INFO] Adding Crusher Recipe for Red Sand
[INITIALIZATION][SERVER][INFO] Removing Crusher Recipe for output: HOP Graphite Dust
[INITIALIZATION][SERVER][INFO] Adding Coke Oven Recipe for Coal Coke
[INITIALIZATION][SERVER][INFO] Adding Coke Oven Recipe for Block of Coal Coke
[INITIALIZATION][SERVER][INFO] Removing Blast Furnace Recipe for Steel Ingot
[INITIALIZATION][SERVER][INFO] Adding Blast Furnace Recipe for Steel Ingot
[INITIALIZATION][SERVER][INFO] Adding ArcFurnace Recipe for HOP Graphite Ingot
[INITIALIZATION][SERVER][INFO] Adding ArcFurnace Recipe for Diamond Chip
[INITIALIZATION][SERVER][INFO] Adding ArcFurnace Recipe for Charcoal
[INITIALIZATION][SERVER][INFO] Adding Squeezer Recipe for Fluid Water and Item Green Pigment
[INITIALIZATION][SERVER][INFO] [crafttweaker | SIDE_SERVER]: Loading Script: {[0:crafttweaker]: integrated.zs}
[INITIALIZATION][SERVER][INFO] [crafttweaker | SIDE_SERVER]: Loading Script: {[0:crafttweaker]: inworld.zs}
[INITIALIZATION][SERVER][INFO] [crafttweaker | SIDE_SERVER]: Loading Script: {[0:crafttweaker]: nuclear.zs}
[INITIALIZATION][SERVER][INFO] Removing nuclearcraft_alloy_furnace recipes for: 1 x item.immersiveengineering.metal:8
[INITIALIZATION][SERVER][INFO] Removing nuclearcraft_alloy_furnace recipes for: 2 x item.immersiveengineering.metal:8
[INITIALIZATION][SERVER][INFO] Removing nuclearcraft_alloy_furnace recipes for: 2 x item.nuclearcraft.alloy:2
[INITIALIZATION][SERVER][INFO] Adding nuclearcraft_alloy_furnace recipe: 2 x item.nuclearcraft.dust:8, 1 x item.thermalfoundation.material:16 -> 1 x item.nuclearcraft.alloy:2
[INITIALIZATION][SERVER][INFO] Adding nuclearcraft_alloy_furnace recipe: 2 x item.immersiveengineering.material:18, 1 x item.nuclearcraft.gem:1 -> 1 x item.item_basic_mars:0
[INITIALIZATION][SERVER][INFO] Removing nuclearcraft_manufactory recipes for: 1 x ore:dustHOPGraphite
[INITIALIZATION][SERVER][INFO] Adding nuclearcraft_manufactory recipe: 1 x item.thermalfoundation.material:769 -> 1 x item.nuclearcraft.dust:8
[INITIALIZATION][SERVER][INFO] Adding nuclearcraft_irradiator recipe: 1000 x redstone, 10 x neutron -> 500 x glowstone, 100 x koh
[INITIALIZATION][SERVER][INFO] Removing nuclearcraft_pressurizer recipes for: 1 x item.diamond:0
[INITIALIZATION][SERVER][INFO] Adding nuclearcraft_infuser recipe: 2 x item.thermalfoundation.material:2049, 1000 x oxygen -> 1 x item.thermalfoundation.material:2048
[INITIALIZATION][SERVER][INFO] Adding nuclearcraft_melter recipe: 1 x tile.compactmachines3.machine:2 -> 1000 x compactfluid
[INITIALIZATION][SERVER][INFO] Adding nuclearcraft_ingot_former recipe: 1000 x compactfluid -> 1 x item.contenttweaker.normalsmashedmachine:0
[INITIALIZATION][SERVER][INFO] Removing nuclearcraft_ingot_former recipes for: 1 x item.diamond:0
[INITIALIZATION][SERVER][INFO] [crafttweaker | SIDE_SERVER]: Loading Script: {[0:crafttweaker]: otherrecipes.zs}
[INITIALIZATION][SERVER][INFO] Setting fuel for <contenttweaker:poopfuel>
[INITIALIZATION][SERVER][INFO] [crafttweaker | SIDE_SERVER]: Loading Script: {[0:crafttweaker]: recipes.zs}
[INITIALIZATION][SERVER][INFO] Adding: <galacticraftcore:steel_pickaxe>.withTag({display: {Name: "Only Right-click Me!"}}) to stage: "stoneage"
[INITIALIZATION][SERVER][INFO] Adding: <galacticraftcore:steel_axe>.withTag({display: {Name: "Only Right-click Me!"}}) to stage: "stoneage"
[INITIALIZATION][SERVER][INFO] [crafttweaker | SIDE_SERVER]: Loading Script: {[0:crafttweaker]: stages.zs}
[INITIALIZATION][SERVER][INFO] Adding to item stage freedom. Chorus Fruit - minecraft:chorus_fruit:0
[INITIALIZATION][SERVER][INFO] Adding to item stage freedom. Ender Pearl - minecraft:ender_pearl:0
[INITIALIZATION][SERVER][INFO] [crafttweaker | SIDE_SERVER]: Loading Script: {[0:crafttweaker]: thermal.zs}
[INITIALIZATION][SERVER][INFO] Completed script loading in: 888ms
[POSTINITIALIZATION][SERVER][INFO] Removing recipes for various outputs
[POSTINITIALIZATION][SERVER][INFO] Removing Shaped recipes for <minecraft:planks>
[POSTINITIALIZATION][SERVER][INFO] 1 removed
[POSTINITIALIZATION][SERVER][INFO] Removing Shaped recipes for <minecraft:planks:1>
[POSTINITIALIZATION][SERVER][INFO] 1 removed
[POSTINITIALIZATION][SERVER][INFO] Removing Shaped recipes for <minecraft:planks:2>
[POSTINITIALIZATION][SERVER][INFO] 1 removed
[POSTINITIALIZATION][SERVER][INFO] Removing Shaped recipes for <minecraft:planks:3>
[POSTINITIALIZATION][SERVER][INFO] 1 removed
[POSTINITIALIZATION][SERVER][INFO] Removing Shaped recipes for <minecraft:planks:4>
[POSTINITIALIZATION][SERVER][INFO] 1 removed
[POSTINITIALIZATION][SERVER][INFO] Removing Shaped recipes for <minecraft:planks:5>
[POSTINITIALIZATION][SERVER][INFO] 1 removed
[POSTINITIALIZATION][SERVER][INFO] Removing Shaped recipes for <minecraft:chorus_flower>
[POSTINITIALIZATION][SERVER][INFO] 0 removed
[POSTINITIALIZATION][SERVER][INFO] Removing Shaped recipes for <minecraft:diamond>
[POSTINITIALIZATION][SERVER][INFO] 1 removed
[POSTINITIALIZATION][SERVER][INFO] Removing Shaped recipes for <compactmachines3:fieldprojector> * 4
[POSTINITIALIZATION][SERVER][INFO] 0 removed
[POSTINITIALIZATION][SERVER][INFO] Removing all occurences of ingredient: <ore:gemDiamond> and replacing them with <ore:nuggetDiamond>
[POSTINITIALIZATION][SERVER][INFO] Removing all occurences of ingredient: <ore:gemDiamond> and replacing them with <ore:nuggetDiamond>
[POSTINITIALIZATION][SERVER][INFO] Removing all occurences of ingredient: <ore:gemDiamond> and replacing them with <ore:nuggetDiamond>
[POSTINITIALIZATION][SERVER][INFO] Removing all occurences of ingredient: <ore:dustGlowstone> and replacing them with <ore:nuggetDiamond>
[POSTINITIALIZATION][SERVER][INFO] Removing all occurences of ingredient: <ore:plateLumium> and replacing them with <ore:plateSignalum>
[POSTINITIALIZATION][SERVER][INFO] Removing all occurences of ingredient: <ore:dustGlowstone> and replacing them with <ore:dustRedstone>
[POSTINITIALIZATION][SERVER][INFO] Removing Shaped recipes for <immersiveengineering:metal_decoration2:4> * 3
[POSTINITIALIZATION][SERVER][INFO] 1 removed
[POSTINITIALIZATION][SERVER][INFO] Removing Shaped recipes for <integratedterminals:part_terminal_storage_item>
[POSTINITIALIZATION][SERVER][INFO] 1 removed
[POSTINITIALIZATION][SERVER][INFO] Removing Shaped recipes for <integratedterminals:part_terminal_crafting_job_item>
[POSTINITIALIZATION][SERVER][INFO] 1 removed
[POSTINITIALIZATION][SERVER][INFO] Removing Shaped recipes for <jecalculation:item_calculator>
[POSTINITIALIZATION][SERVER][INFO] 0 removed
[POSTINITIALIZATION][SERVER][INFO] Removing Shaped recipes for <exnihilocreatio:block_end_cake>
[POSTINITIALIZATION][SERVER][INFO] 1 removed
[POSTINITIALIZATION][SERVER][INFO] Removing Shaped recipes for <projectred-fabrication:ic_machine:1>
[POSTINITIALIZATION][SERVER][INFO] 1 removed
[POSTINITIALIZATION][SERVER][INFO] Removing Shaped recipes for <opencomputers:storage:4>
[POSTINITIALIZATION][SERVER][INFO] 1 removed
[POSTINITIALIZATION][SERVER][INFO] Removing Shaped recipes for <opencomputers:rack>
[POSTINITIALIZATION][SERVER][INFO] 1 removed
[POSTINITIALIZATION][SERVER][INFO] Removing Shaped recipes for <opencomputers:hologram2>
[POSTINITIALIZATION][SERVER][INFO] 1 removed
[POSTINITIALIZATION][SERVER][INFO] Removing Shaped recipes for <opencomputers:component:15>
[POSTINITIALIZATION][SERVER][INFO] 1 removed
[POSTINITIALIZATION][SERVER][INFO] Removing Shaped recipes for <opencomputers:case3>
[POSTINITIALIZATION][SERVER][INFO] 1 removed
[POSTINITIALIZATION][SERVER][INFO] Removing Shaped recipes for <minecraft:magma>
[POSTINITIALIZATION][SERVER][INFO] 1 removed
[POSTINITIALIZATION][SERVER][INFO] Removing Shaped recipes for <nuclearcraft:lithium_ion_battery_basic>.withTag({maxTransfer: 1600000, capacity: 32000000, energy: 0})
[POSTINITIALIZATION][SERVER][INFO] 1 removed
[POSTINITIALIZATION][SERVER][INFO] Removing Shaped recipes for <microblockcbe:saw_diamond>
[POSTINITIALIZATION][SERVER][INFO] 0 removed
[POSTINITIALIZATION][SERVER][INFO] Removing Shaped recipes for <thermaldynamics:retriever> * 2
[POSTINITIALIZATION][SERVER][INFO] 0 removed
[POSTINITIALIZATION][SERVER][INFO] Removing Shaped recipes for <buildinggadgets:copypastetool>
[POSTINITIALIZATION][SERVER][INFO] 1 removed
[POSTINITIALIZATION][SERVER][INFO] Removing Shaped recipes for <buildinggadgets:templatemanager>
[POSTINITIALIZATION][SERVER][INFO] 1 removed
[POSTINITIALIZATION][SERVER][INFO] Removing Shapeless recipes for <integratedtunnels:part_importer_world_block_item>
[POSTINITIALIZATION][SERVER][INFO] Removing 1 Shapeless recipes.
[POSTINITIALIZATION][SERVER][INFO] Removing Shaped recipes for <thermalfoundation:tome_experience>
[POSTINITIALIZATION][SERVER][INFO] 1 removed
[POSTINITIALIZATION][SERVER][INFO] Removing Shaped recipes for <integrateddynamics:mechanical_squeezer>
[POSTINITIALIZATION][SERVER][INFO] 1 removed
[POSTINITIALIZATION][SERVER][INFO] Removing Shaped recipes for <integrateddynamics:logic_director>
[POSTINITIALIZATION][SERVER][INFO] 1 removed
[POSTINITIALIZATION][SERVER][INFO] Removing Shaped recipes for <minecraft:enchanting_table>
[POSTINITIALIZATION][SERVER][INFO] 1 removed
[POSTINITIALIZATION][SERVER][INFO] Removing Shapeless recipes for <nuclearcraft:glowing_mushroom>
[POSTINITIALIZATION][SERVER][INFO] Removing 1 Shapeless recipes.
[POSTINITIALIZATION][SERVER][INFO] Removing Shapeless recipes for <nuclearcraft:glowing_mushroom>
[POSTINITIALIZATION][SERVER][INFO] Removing 0 Shapeless recipes.
[POSTINITIALIZATION][SERVER][INFO] Adding shaped recipe for Oak Wood Planks with name ct_shaped936281293
[POSTINITIALIZATION][SERVER][INFO] Adding shaped recipe for Spruce Wood Planks with name ct_shaped489934570
[POSTINITIALIZATION][SERVER][INFO] Adding shaped recipe for Birch Wood Planks with name ct_shaped751787641
[POSTINITIALIZATION][SERVER][INFO] Adding shaped recipe for Jungle Wood Planks with name ct_shaped959639400
[POSTINITIALIZATION][SERVER][INFO] Adding shaped recipe for Acacia Wood Planks with name ct_shaped-1012497721
[POSTINITIALIZATION][SERVER][INFO] Adding shaped recipe for Dark Oak Wood Planks with name ct_shaped-1284103158
[POSTINITIALIZATION][SERVER][INFO] Adding shapeless recipe for Gunpowder with name ct_shapeless-1385353769
[POSTINITIALIZATION][SERVER][INFO] Adding shapeless recipe for item.contenttweaker.poopfuel.name with name ct_shapeless-2079643058
[POSTINITIALIZATION][SERVER][INFO] Adding shapeless recipe for Grass Block with name ct_shapeless-983660540
[POSTINITIALIZATION][SERVER][INFO] Adding shapeless recipe for Porcelain Clay with name ct_shapeless-932325896
[POSTINITIALIZATION][SERVER][INFO] Adding shapeless recipe for Gravel with name ct_shapeless904884072
[POSTINITIALIZATION][SERVER][INFO] Adding shapeless recipe for Dirt with name ct_shapeless1488637096
[POSTINITIALIZATION][SERVER][INFO] Adding shaped recipe for Machine Controller with name ct_shaped-2004275185
[POSTINITIALIZATION][SERVER][INFO] Adding shaped recipe for Steel Rod with name ct_shaped1725578834
[POSTINITIALIZATION][SERVER][INFO] Adding shaped recipe for item.contenttweaker.modulariumblend.name with name ct_shaped-1131322124
[POSTINITIALIZATION][SERVER][INFO] Adding shaped recipe for Decay Hastener with name ct_shaped-1002633745
[POSTINITIALIZATION][SERVER][INFO] Adding shaped recipe for Large Compact Machine with name ct_shaped889844103
[POSTINITIALIZATION][SERVER][INFO] Adding shaped recipe for Normal Compact Machine with name ct_shaped1148693032
[POSTINITIALIZATION][SERVER][INFO] Adding shaped recipe for Small Compact Machine with name ct_shaped244288777
[POSTINITIALIZATION][SERVER][INFO] Adding shaped recipe for Tiny Compact Machine with name ct_shaped401391456
[POSTINITIALIZATION][SERVER][INFO] Adding shaped recipe for Auto Clicker with name ct_shaped1328234834
[POSTINITIALIZATION][SERVER][INFO] Adding shaped recipe for Personal Shrinking Device with name ct_shaped-837872715
[POSTINITIALIZATION][SERVER][INFO] Adding shaped recipe for Miniaturization Field Projector with name ct_shaped1496420665
[POSTINITIALIZATION][SERVER][INFO] Adding shaped recipe for Leather with name ct_shaped-751397044
[POSTINITIALIZATION][SERVER][INFO] Adding shaped recipe for Treated Wood Planks with name ct_shaped1718129980
[POSTINITIALIZATION][SERVER][INFO] Adding shaped recipe for Magma Crucible (Basic) with name ct_shaped-799075499
[POSTINITIALIZATION][SERVER][INFO] Adding shaped recipe for Processor Binding with name ct_shaped-1705366988
[POSTINITIALIZATION][SERVER][INFO] Adding shaped recipe for Augment: Pyrolytic Conversion with name ct_shaped670052550
[POSTINITIALIZATION][SERVER][INFO] Adding shaped recipe for Wooden Crucible with name ct_shaped-70327386
[POSTINITIALIZATION][SERVER][INFO] Adding shaped recipe for White Elevator with name ct_shaped-46051446
[POSTINITIALIZATION][SERVER][INFO] Adding shaped recipe for Augment: Enstabulation Apparatus with name ct_shaped169492108
[POSTINITIALIZATION][SERVER][INFO] Adding shaped recipe for Lantern with name ct_shaped-787557099
[POSTINITIALIZATION][SERVER][INFO] Adding shaped recipe for Storage Terminal with name ct_shaped1791038877
[POSTINITIALIZATION][SERVER][INFO] Adding shaped recipe for Crafting Job Terminal with name ct_shaped113675540
[POSTINITIALIZATION][SERVER][INFO] Adding shaped recipe for Crafting Calculator with name ct_shaped-2094023690
[POSTINITIALIZATION][SERVER][INFO] Adding shaped recipe for End Cake with name ct_shaped-750952539
[POSTINITIALIZATION][SERVER][INFO] Adding shaped recipe for Poop & Stick with name ct_shaped-743905427
[POSTINITIALIZATION][SERVER][INFO] Adding shapeless recipe for Clay with name ct_shapeless-644214082
[POSTINITIALIZATION][SERVER][INFO] Adding shaped recipe for tile.projectred.fabrication.icMachine|1.name with name ct_shaped540661681
[POSTINITIALIZATION][SERVER][INFO] Adding shaped recipe for Hard Disk Drive (Tier 3) (4MB) with name ct_shaped1930913790
[POSTINITIALIZATION][SERVER][INFO] Adding shaped recipe for Rack with name ct_shaped380443434
[POSTINITIALIZATION][SERVER][INFO] Adding shaped recipe for Hologram Projector (Tier 2) with name ct_shaped337652020
[POSTINITIALIZATION][SERVER][INFO] Adding shaped recipe for Server (Tier 3) with name ct_shaped-439265540
[POSTINITIALIZATION][SERVER][INFO] Adding shaped recipe for Computer Case (Tier 3) with name ct_shaped-1286534788
[POSTINITIALIZATION][SERVER][INFO] Adding shapeless recipe for Template with name ct_shapeless-373104232
[POSTINITIALIZATION][SERVER][INFO] Adding shaped recipe for Basic Lithium Ion Battery with name ct_shaped-1684521995
[POSTINITIALIZATION][SERVER][INFO] Adding shaped recipe for Stinky Piston with name ct_shaped1066026175
[POSTINITIALIZATION][SERVER][INFO] Adding shaped recipe for item.microblockcbe:saw_diamond.name with name ct_shaped1096854387
[POSTINITIALIZATION][SERVER][INFO] Adding shapeless recipe for Hemp Rope Coil with name ct_shapeless636862885
[POSTINITIALIZATION][SERVER][INFO] Adding shaped recipe for enderio.item_liquid_conduit.name with name ct_shaped923298083
[POSTINITIALIZATION][SERVER][INFO] Adding shaped recipe for enderio.item_liquid_conduit_advanced.name with name ct_shaped-1966836866
[POSTINITIALIZATION][SERVER][INFO] Adding shaped recipe for enderio.item_liquid_conduit_advanced.name with name ct_shaped-417763790
[POSTINITIALIZATION][SERVER][INFO] Adding shaped recipe for Only Right-click Me! with name ct_shaped1601583104
[POSTINITIALIZATION][SERVER][INFO] Adding shaped recipe for Only Right-click Me! with name ct_shaped-2002608584
[POSTINITIALIZATION][SERVER][INFO] Adding shapeless recipe for Cutting Tool with name ct_shapeless595381794
[POSTINITIALIZATION][SERVER][INFO] Adding shaped recipe for Retriever with name ct_shaped1308968283
[POSTINITIALIZATION][SERVER][INFO] Adding shapeless recipe for Clipboard with name ct_shapeless1923245002
[POSTINITIALIZATION][SERVER][INFO] Adding shaped recipe for Building Gadget with name ct_shaped-1176476745
[POSTINITIALIZATION][SERVER][INFO] Adding shaped recipe for Copy-Paste Gadget with name ct_shaped667634921
[POSTINITIALIZATION][SERVER][INFO] Adding shaped recipe for Template Manager with name ct_shaped208287158
[POSTINITIALIZATION][SERVER][INFO] Adding shaped recipe for Unfired Crucible with name ct_shaped-1616868064
[POSTINITIALIZATION][SERVER][INFO] Adding shapeless recipe for World Block Importer with name ct_shapeless-1388352664
[POSTINITIALIZATION][SERVER][INFO] Adding shaped recipe for Tome of Knowledge with name ct_shaped-677082429
[POSTINITIALIZATION][SERVER][INFO] Adding shaped recipe for Mechanical Squeezer with name ct_shaped897826684
[POSTINITIALIZATION][SERVER][INFO] Adding shaped recipe for Logic Director with name ct_shaped-1890816577
[POSTINITIALIZATION][SERVER][INFO] Adding shaped recipe for Enchantment Table with name ct_shaped40717444
[POSTINITIALIZATION][SERVER][INFO] Adding shaped recipe for Ultimate Energy Input Hatch with name ct_shaped-664363072
[POSTINITIALIZATION][SERVER][INFO] Adding shaped recipe for Ludicrous Energy Input Hatch with name ct_shaped-196427922
[POSTINITIALIZATION][SERVER][INFO] Adding shaped recipe for Huge Energy Input Hatch with name ct_shaped-1090488976
[POSTINITIALIZATION][SERVER][INFO] Adding shaped recipe for Big Energy Input Hatch with name ct_shaped-1984550030
[POSTINITIALIZATION][SERVER][INFO] Adding shaped recipe for Reinforced Energy Input Hatch with name ct_shaped1416356212
[POSTINITIALIZATION][SERVER][INFO] Adding shaped recipe for Normal Energy Input Hatch with name ct_shaped-155449986
[POSTINITIALIZATION][SERVER][INFO] Adding shaped recipe for Vacuum Fluid Input Hatch with name ct_shaped-1662763147
[POSTINITIALIZATION][SERVER][INFO] Adding shaped recipe for Ludicrous Fluid Input Hatch with name ct_shaped-1231900681
[POSTINITIALIZATION][SERVER][INFO] Adding shaped recipe for Huge Fluid Input Hatch with name ct_shaped-801038215
[POSTINITIALIZATION][SERVER][INFO] Adding shaped recipe for Big Fluid Input Hatch with name ct_shaped-370175749
[POSTINITIALIZATION][SERVER][INFO] Adding shaped recipe for Reinforced Fluid Input Hatch with name ct_shaped60686717
[POSTINITIALIZATION][SERVER][INFO] Adding shaped recipe for Normal Fluid Input Hatch with name ct_shaped491549183
[POSTINITIALIZATION][SERVER][INFO] Adding shaped recipe for Ludicrous Item Output with name ct_shaped2055800743
[POSTINITIALIZATION][SERVER][INFO] Adding shaped recipe for Huge Item Output with name ct_shaped-1502214905
[POSTINITIALIZATION][SERVER][INFO] Adding shaped recipe for Big Item Output with name ct_shaped-765263257
[POSTINITIALIZATION][SERVER][INFO] Adding shaped recipe for Reinforced Item Output with name ct_shaped-28311609
[POSTINITIALIZATION][SERVER][INFO] Adding shaped recipe for Normal Item Output with name ct_shaped708640039
[POSTINITIALIZATION][SERVER][INFO] Adding shaped recipe for Ludicrous Item Input with name ct_shaped-1233608585
[POSTINITIALIZATION][SERVER][INFO] Adding shaped recipe for Huge Item Input with name ct_shaped-392081961
[POSTINITIALIZATION][SERVER][INFO] Adding shaped recipe for Big Item Input with name ct_shaped449444663
[POSTINITIALIZATION][SERVER][INFO] Adding shaped recipe for Reinforced Item Input with name ct_shaped1290971287
[POSTINITIALIZATION][SERVER][INFO] Adding shaped recipe for Normal Item Input with name ct_shaped2132497911
[POSTINITIALIZATION][SERVER][INFO] Adding shaped recipe for Crafting Station with name ct_shaped-318076065
[POSTINITIALIZATION][SERVER][INFO] Adding shapeless recipe for Glowing Mushroom with name ct_shapeless254234841
[POSTINITIALIZATION][SERVER][INFO] Adding shapeless recipe for Quest Book with name ct_shapeless244078268
[POSTINITIALIZATION][SERVER][INFO] Adding shapeless recipe for Quest Book with name ct_shapeless-1500993092
[POSTINITIALIZATION][SERVER][INFO] Adding shapeless recipe for Quest Book with name ct_shapeless-1170355994
[POSTINITIALIZATION][SERVER][INFO] Adding shapeless recipe for Quest Book with name ct_shapeless415752926
[POSTINITIALIZATION][SERVER][INFO] Adding shapeless recipe for Quest Book with name ct_shapeless414829405
[POSTINITIALIZATION][SERVER][INFO] Adding shapeless recipe for Quest Book with name ct_shapeless416676447
[POSTINITIALIZATION][SERVER][INFO] Adding shaped recipe for Raw Advanced Processor with name refinedstorage-raw_advanced_processor-modified
[POSTINITIALIZATION][SERVER][INFO] Adding shaped recipe for Miniaturization Field Projector with name compactmachines3-fieldprojector-modified
[POSTINITIALIZATION][SERVER][INFO] Adding shaped recipe for Diamond Stiffened Mesh with name exnihilocreatio-item_mesh_4-modified
[POSTINITIALIZATION][SERVER][INFO] Adding shaped recipe for Construction Core with name refinedstorage-construction_core-modified
[POSTINITIALIZATION][SERVER][INFO] Adding shaped recipe for Augment: Sapling Infuser with name thermalexpansion-augment_11-modified
[POSTINITIALIZATION][SERVER][INFO] Adding shaped recipe for Chemical Reactor with name nuclearcraft-tile.nuclearcraft.chemical_reactor_idle-modified
[POSTINITIALIZATION][SERVER][INFO] Removing furnace recipes for: <minecraft:coal:1>
[POSTINITIALIZATION][SERVER][INFO] 1 recipes removed for: <minecraft:coal:1>
[POSTINITIALIZATION][SERVER][INFO] Adding furnace recipe for <contenttweaker:modulariumblend>
[POSTINITIALIZATION][SERVER][INFO] Adding furnace recipe for <compactmachines3:machine:5>
[POSTINITIALIZATION][SERVER][INFO] Adding furnace recipe for <compactmachines3:machine:4>
[POSTINITIALIZATION][SERVER][INFO] Adding furnace recipe for <compactmachines3:machine:3>
[POSTINITIALIZATION][SERVER][INFO] Adding furnace recipe for <compactmachines3:machine:1>
[POSTINITIALIZATION][SERVER][INFO] Adding furnace recipe for <compactmachines3:machine>
[POSTINITIALIZATION][SERVER][INFO] Adding furnace recipe for <compactmachines3:machine:2>
[POSTINITIALIZATION][SERVER][INFO] Setting the stages for recipes based on their output stack, 1 stages
[POSTINITIALIZATION][SERVER][INFO] Replacing recipe: 1xitem.steel_pickaxe@0 new recipe: RecipeStage{tier='stoneage', recipe=1xitem.steel_pickaxe@0:[net.minecraft.item.crafting.Ingredient@213a1672, net.minecraft.item.crafting.Ingredient@5d6b5658, net.minecraft.item.crafting.Ingredient@e35b921, net.minecraft.item.crafting.Ingredient@5e3036c0, net.minecraft.item.crafting.Ingredient@2f4822f2, net.minecraft.item.crafting.Ingredient@281668d5, net.minecraft.item.crafting.Ingredient$1@3d2b8e, net.minecraft.item.crafting.Ingredient@bc93047, net.minecraft.item.crafting.Ingredient$1@3d2b8e]}
[POSTINITIALIZATION][SERVER][INFO] Replacing recipe: 1xitem.steel_axe@0 new recipe: RecipeStage{tier='stoneage', recipe=1xitem.steel_axe@0:[net.minecraft.item.crafting.Ingredient@216ae15b, net.minecraft.item.crafting.Ingredient@63e3b639, net.minecraft.item.crafting.Ingredient@332df55c, net.minecraft.item.crafting.Ingredient@28dd405]}
[POSTINITIALIZATION][SERVER][INFO] Adding Hammer recipe for [1xtile.block_diorite_crushed@0] with drop <exnihilocreatio:block_dust> at a chance of 1.0 with mining level 0
[AVAILABLE][SERVER][INFO] Altering RedstoneFurnace Recipe(s) for <minecraft:hay_block>
[AVAILABLE][SERVER][INFO] Altering RedstoneFurnace Recipe(s) for <minecraft:cactus>
[AVAILABLE][SERVER][INFO] Altering RedstoneFurnace Recipe(s) for <minecraft:reeds>
[AVAILABLE][SERVER][INFO] Altering RedstoneFurnace Recipe(s) for <thermalfoundation:material:801>
[AVAILABLE][SERVER][INFO] Altering Pulverizer Recipe(s) for <immersiveengineering:material:19>
[AVAILABLE][SERVER][INFO] Altering Pulverizer Recipe(s) for <minecraft:magma>
[AVAILABLE][SERVER][INFO] Removing Factorizer for <thermalfoundation:material:16> * 9
[AVAILABLE][SERVER][INFO] Altering InductionSmelter Recipe(s) for <minecraft:iron_ingot> and <immersiveengineering:material:6>
[AVAILABLE][SERVER][INFO] Altering InductionSmelter Recipe(s) for <immersiveengineering:material:6> and <thermalfoundation:material>
[AVAILABLE][SERVER][INFO] Altering InductionSmelter Recipe(s) for <thermalfoundation:material:768> * 4 and <thermalfoundation:material>
[AVAILABLE][SERVER][INFO] Altering MagmaticDynamo Recipe(s) for <liquid:pyrotheum>
[AVAILABLE][SERVER][INFO] Altering EnervationDynamo Recipe(s) for <minecraft:redstone>
[AVAILABLE][SERVER][INFO] Altering EnervationDynamo Recipe(s) for <minecraft:redstone_block>
[AVAILABLE][SERVER][INFO] Altering EnervationDynamo Recipe(s) for <thermalexpansion:cell>
[AVAILABLE][SERVER][INFO] Altering EnervationDynamo Recipe(s) for <thermalexpansion:capacitor>
[AVAILABLE][SERVER][INFO] Altering EnervationDynamo Recipe(s) for <thermalexpansion:capacitor:1>
[AVAILABLE][SERVER][INFO] Altering EnervationDynamo Recipe(s) for <thermalexpansion:capacitor:2>
[AVAILABLE][SERVER][INFO] Altering EnervationDynamo Recipe(s) for <thermalexpansion:capacitor:3>
[AVAILABLE][SERVER][INFO] Altering EnervationDynamo Recipe(s) for <galacticraftcore:battery:100>
[AVAILABLE][SERVER][INFO] Altering EnervationDynamo Recipe(s) for <galacticraftcore:battery>
[AVAILABLE][SERVER][INFO] Altering Centrifuge Recipe(s) for <minecraft:magma_cream>
[AVAILABLE][SERVER][INFO] Altering Sawmill Recipe(s) for <minecraft:planks> * 2
[AVAILABLE][SERVER][INFO] Altering Sawmill Recipe(s) for <minecraft:planks:1> * 2
[AVAILABLE][SERVER][INFO] Altering Sawmill Recipe(s) for <minecraft:planks:2> * 2
[AVAILABLE][SERVER][INFO] Altering Sawmill Recipe(s) for <minecraft:planks:3> * 2
[AVAILABLE][SERVER][INFO] Altering Sawmill Recipe(s) for <minecraft:planks:4> * 2
[AVAILABLE][SERVER][INFO] Altering Sawmill Recipe(s) for <minecraft:planks:5> * 2
[AVAILABLE][SERVER][INFO] Altering Pulverizer Recipe(s) for <exnihilocreatio:block_dust>
[AVAILABLE][SERVER][INFO] Altering Pulverizer Recipe(s) for <exnihilocreatio:block_granite_crushed>
[AVAILABLE][SERVER][INFO] Altering Pulverizer Recipe(s) for <minecraft:sand:1>
[AVAILABLE][SERVER][INFO] Altering EnervationDynamo Recipe(s) for <minecraft:redstone>
[AVAILABLE][SERVER][INFO] Altering EnervationDynamo Recipe(s) for <minecraft:redstone_block>
[AVAILABLE][SERVER][INFO] Altering EnervationDynamo Recipe(s) for <refinedstorage:pattern>
[AVAILABLE][SERVER][INFO] Altering Transposer Fill Recipe(s) for <liquid:water> * 1000
[AVAILABLE][SERVER][INFO] Altering Transposer Fill Recipe(s) for <liquid:sewagefluid> * 200
